This is pdfTeX, Version 3.14159265-2.6-1.40.21 (TeX Live 2020) (preloaded format=pdflatex 2020.7.18)  30 SEP 2020 10:19
entering extended mode
 restricted \write18 enabled.
 %&-line parsing enabled.
**main.tex
(./main.tex
LaTeX2e <2020-02-02> patch level 5
L3 programming layer <2020-06-18>
(/home/alb/texlive/texmf-dist/tex/latex/base/article.cls
Document Class: article 2019/12/20 v1.4l Standard LaTeX document class
(/home/alb/texlive/texmf-dist/tex/latex/base/size12.clo
File: size12.clo 2019/12/20 v1.4l Standard LaTeX file (size option)
)
\c@part=\count167
\c@section=\count168
\c@subsection=\count169
\c@subsubsection=\count170
\c@paragraph=\count171
\c@subparagraph=\count172
\c@figure=\count173
\c@table=\count174
\abovecaptionskip=\skip47
\belowcaptionskip=\skip48
\bibindent=\dimen134
)
(/home/alb/texlive/texmf-dist/tex/latex/base/inputenc.sty
Package: inputenc 2018/08/11 v1.3c Input encoding file
\inpenc@prehook=\toks15
\inpenc@posthook=\toks16
)
(/home/alb/texlive/texmf-dist/tex/generic/babel/babel.sty
Package: babel 2020/07/13 3.47 The Babel package

(/home/alb/texlive/texmf-dist/tex/generic/babel/babel.def
File: babel.def 2020/07/13 3.47 Babel common definitions
\babel@savecnt=\count175
\U@D=\dimen135
\l@babelnohyphens=\language86

(/home/alb/texlive/texmf-dist/tex/generic/babel/txtbabel.def)
\bbl@readstream=\read2
)
\bbl@dirlevel=\count176

(/home/alb/texlive/texmf-dist/tex/generic/babel-english/english.ldf
Language: english 2017/06/06 v3.3r English support from the babel system
Package babel Info: \l@canadian = using hyphenrules for english
(babel)             (\language0) on input line 102.
Package babel Info: \l@australian = using hyphenrules for ukenglish
(babel)             (\language21) on input line 105.
Package babel Info: \l@newzealand = using hyphenrules for ukenglish
(babel)             (\language21) on input line 108.
))
(/home/alb/texlive/texmf-dist/tex/latex/float/float.sty
Package: float 2001/11/08 v1.3d Float enhancements (AL)
\c@float@type=\count177
\float@exts=\toks17
\float@box=\box45
\@float@everytoks=\toks18
\@floatcapt=\box46
)
(/home/alb/texlive/texmf-dist/tex/latex/url/url.sty
\Urlmuskip=\muskip16
Package: url 2013/09/16  ver 3.4  Verb mode for urls, etc.
)
(/home/alb/texlive/texmf-dist/tex/latex/caption/caption.sty
Package: caption 2020/05/30 v3.4k Customizing captions (AR)

(/home/alb/texlive/texmf-dist/tex/latex/caption/caption3.sty
Package: caption3 2020/05/30 v1.12 caption3 kernel (AR)
Package caption3 Info: TeX engine: e-TeX on input line 61.

(/home/alb/texlive/texmf-dist/tex/latex/graphics/keyval.sty
Package: keyval 2014/10/28 v1.15 key=value parser (DPC)
\KV@toks@=\toks19
)
\captionmargin=\dimen136
\captionmargin@=\dimen137
\captionwidth=\dimen138
\caption@tempdima=\dimen139
\caption@indent=\dimen140
\caption@parindent=\dimen141
\caption@hangindent=\dimen142
Package caption Info: Standard document class detected.
)
\c@caption@flags=\count178
\c@continuedfloat=\count179
Package caption Info: float package is loaded.
)
(/home/alb/texlive/texmf-dist/tex/latex/caption/subcaption.sty
Package: subcaption 2020/01/22 v1.3d Sub-captions (AR)
\c@subfigure=\count180
\c@subtable=\count181
)
(/home/alb/texlive/texmf-dist/tex/latex/graphics/graphicx.sty
Package: graphicx 2019/11/30 v1.2a Enhanced LaTeX Graphics (DPC,SPQR)

(/home/alb/texlive/texmf-dist/tex/latex/graphics/graphics.sty
Package: graphics 2019/11/30 v1.4a Standard LaTeX Graphics (DPC,SPQR)

(/home/alb/texlive/texmf-dist/tex/latex/graphics/trig.sty
Package: trig 2016/01/03 v1.10 sin cos tan (DPC)
)
(/home/alb/texlive/texmf-dist/tex/latex/graphics-cfg/graphics.cfg
File: graphics.cfg 2016/06/04 v1.11 sample graphics configuration
)
Package graphics Info: Driver file: pdftex.def on input line 105.

(/home/alb/texlive/texmf-dist/tex/latex/graphics-def/pdftex.def
File: pdftex.def 2018/01/08 v1.0l Graphics/color driver for pdftex
))
\Gin@req@height=\dimen143
\Gin@req@width=\dimen144
)
(/home/alb/texlive/texmf-dist/tex/latex/natbib/natbib.sty
Package: natbib 2010/09/13 8.31b (PWD, AO)
\bibhang=\skip49
\bibsep=\skip50
LaTeX Info: Redefining \cite on input line 694.
\c@NAT@ctr=\count182
)
(/home/alb/texlive/texmf-dist/tex/latex/geometry/geometry.sty
Package: geometry 2020/01/02 v5.9 Page Geometry

(/home/alb/texlive/texmf-dist/tex/generic/iftex/ifvtex.sty
Package: ifvtex 2019/10/25 v1.7 ifvtex legacy package. Use iftex instead.

(/home/alb/texlive/texmf-dist/tex/generic/iftex/iftex.sty
Package: iftex 2020/03/06 v1.0d TeX engine tests
))
\Gm@cnth=\count183
\Gm@cntv=\count184
\c@Gm@tempcnt=\count185
\Gm@bindingoffset=\dimen145
\Gm@wd@mp=\dimen146
\Gm@odd@mp=\dimen147
\Gm@even@mp=\dimen148
\Gm@layoutwidth=\dimen149
\Gm@layoutheight=\dimen150
\Gm@layouthoffset=\dimen151
\Gm@layoutvoffset=\dimen152
\Gm@dimlist=\toks20
)
(/home/alb/texlive/texmf-dist/tex/latex/multirow/multirow.sty
Package: multirow 2019/05/31 v2.5 Span multiple rows of a table
\multirow@colwidth=\skip51
\multirow@cntb=\count186
\multirow@dima=\skip52
\bigstrutjot=\dimen153
)
(/home/alb/texlive/texmf-dist/tex/latex/fancyhdr/fancyhdr.sty
Package: fancyhdr 2019/01/31 v3.10 Extensive control of page headers and footer
s
\f@nch@headwidth=\skip53
\f@nch@O@elh=\skip54
\f@nch@O@erh=\skip55
\f@nch@O@olh=\skip56
\f@nch@O@orh=\skip57
\f@nch@O@elf=\skip58
\f@nch@O@erf=\skip59
\f@nch@O@olf=\skip60
\f@nch@O@orf=\skip61
)
(/home/alb/texlive/texmf-dist/tex/latex/amscls/amsthm.sty
Package: amsthm 2020/05/29 v2.20.6
\thm@style=\toks21
\thm@bodyfont=\toks22
\thm@headfont=\toks23
\thm@notefont=\toks24
\thm@headpunct=\toks25
\thm@preskip=\skip62
\thm@postskip=\skip63
\thm@headsep=\skip64
\dth@everypar=\toks26
)
(/home/alb/texlive/texmf-dist/tex/latex/amsmath/amsmath.sty
Package: amsmath 2020/01/20 v2.17e AMS math features
\@mathmargin=\skip65

For additional information on amsmath, use the `?' option.
(/home/alb/texlive/texmf-dist/tex/latex/amsmath/amstext.sty
Package: amstext 2000/06/29 v2.01 AMS text

(/home/alb/texlive/texmf-dist/tex/latex/amsmath/amsgen.sty
File: amsgen.sty 1999/11/30 v2.0 generic functions
\@emptytoks=\toks27
\ex@=\dimen154
))
(/home/alb/texlive/texmf-dist/tex/latex/amsmath/amsbsy.sty
Package: amsbsy 1999/11/29 v1.2d Bold Symbols
\pmbraise@=\dimen155
)
(/home/alb/texlive/texmf-dist/tex/latex/amsmath/amsopn.sty
Package: amsopn 2016/03/08 v2.02 operator names
)
\inf@bad=\count187
LaTeX Info: Redefining \frac on input line 227.
\uproot@=\count188
\leftroot@=\count189
LaTeX Info: Redefining \overline on input line 389.
\classnum@=\count190
\DOTSCASE@=\count191
LaTeX Info: Redefining \ldots on input line 486.
LaTeX Info: Redefining \dots on input line 489.
LaTeX Info: Redefining \cdots on input line 610.
\Mathstrutbox@=\box47
\strutbox@=\box48
\big@size=\dimen156
LaTeX Font Info:    Redeclaring font encoding OML on input line 733.
LaTeX Font Info:    Redeclaring font encoding OMS on input line 734.
\macc@depth=\count192
\c@MaxMatrixCols=\count193
\dotsspace@=\muskip17
\c@parentequation=\count194
\dspbrk@lvl=\count195
\tag@help=\toks28
\row@=\count196
\column@=\count197
\maxfields@=\count198
\andhelp@=\toks29
\eqnshift@=\dimen157
\alignsep@=\dimen158
\tagshift@=\dimen159
\tagwidth@=\dimen160
\totwidth@=\dimen161
\lineht@=\dimen162
\@envbody=\toks30
\multlinegap=\skip66
\multlinetaggap=\skip67
\mathdisplay@stack=\toks31
LaTeX Info: Redefining \[ on input line 2859.
LaTeX Info: Redefining \] on input line 2860.
)
(/home/alb/texlive/texmf-dist/tex/latex/amsfonts/amsfonts.sty
Package: amsfonts 2013/01/14 v3.01 Basic AMSFonts support
\symAMSa=\mathgroup4
\symAMSb=\mathgroup5
LaTeX Font Info:    Redeclaring math symbol \hbar on input line 98.
LaTeX Font Info:    Overwriting math alphabet `\mathfrak' in version `bold'
(Font)                  U/euf/m/n --> U/euf/b/n on input line 106.
)
(/home/alb/texlive/texmf-dist/tex/latex/amsfonts/amssymb.sty
Package: amssymb 2013/01/14 v3.01 AMS font symbols
)
(/home/alb/texlive/texmf-dist/tex/latex/cleveref/cleveref.sty
Package: cleveref 2018/03/27 v0.21.4 Intelligent cross-referencing
Package cleveref Info: `amsthm' support loaded on input line 3026.
)
(/home/alb/texlive/texmf-dist/tex/latex/enumitem/enumitem.sty
Package: enumitem 2019/06/20 v3.9 Customized lists
\labelindent=\skip68
\enit@outerparindent=\dimen163
\enit@toks=\toks32
\enit@inbox=\box49
\enit@count@id=\count199
\enitdp@description=\count266
)
\c@theorem=\count267
\c@corollary=\count268
\c@definition=\count269

(/home/alb/texlive/texmf-dist/tex/latex/pdfpages/pdfpages.sty
Package: pdfpages 2020/01/28 v0.5q Insert pages of external PDF documents (AM)

(/home/alb/texlive/texmf-dist/tex/latex/base/ifthen.sty
Package: ifthen 2014/09/29 v1.1c Standard LaTeX ifthen package (DPC)
)
(/home/alb/texlive/texmf-dist/tex/latex/tools/calc.sty
Package: calc 2017/05/25 v4.3 Infix arithmetic (KKT,FJ)
\calc@Acount=\count270
\calc@Bcount=\count271
\calc@Adimen=\dimen164
\calc@Bdimen=\dimen165
\calc@Askip=\skip69
\calc@Bskip=\skip70
LaTeX Info: Redefining \setlength on input line 80.
LaTeX Info: Redefining \addtolength on input line 81.
\calc@Ccount=\count272
\calc@Cskip=\skip71
)
(/home/alb/texlive/texmf-dist/tex/latex/eso-pic/eso-pic.sty
Package: eso-pic 2018/04/12 v2.0h eso-pic (RN)

(/home/alb/texlive/texmf-dist/tex/generic/atbegshi/atbegshi.sty
Package: atbegshi 2019/12/05 v1.19 At begin shipout hook (HO)

(/home/alb/texlive/texmf-dist/tex/generic/infwarerr/infwarerr.sty
Package: infwarerr 2019/12/03 v1.5 Providing info/warning/error messages (HO)
)
(/home/alb/texlive/texmf-dist/tex/generic/ltxcmds/ltxcmds.sty
Package: ltxcmds 2019/12/15 v1.24 LaTeX kernel commands for general use (HO)
))
(/home/alb/texlive/texmf-dist/tex/latex/xcolor/xcolor.sty
Package: xcolor 2016/05/11 v2.12 LaTeX color extensions (UK)

(/home/alb/texlive/texmf-dist/tex/latex/graphics-cfg/color.cfg
File: color.cfg 2016/01/02 v1.6 sample color configuration
)
Package xcolor Info: Driver file: pdftex.def on input line 225.
Package xcolor Info: Model `cmy' substituted by `cmy0' on input line 1348.
Package xcolor Info: Model `hsb' substituted by `rgb' on input line 1352.
Package xcolor Info: Model `RGB' extended on input line 1364.
Package xcolor Info: Model `HTML' substituted by `rgb' on input line 1366.
Package xcolor Info: Model `Hsb' substituted by `hsb' on input line 1367.
Package xcolor Info: Model `tHsb' substituted by `hsb' on input line 1368.
Package xcolor Info: Model `HSB' substituted by `hsb' on input line 1369.
Package xcolor Info: Model `Gray' substituted by `gray' on input line 1370.
Package xcolor Info: Model `wave' substituted by `hsb' on input line 1371.
))
\AM@pagewidth=\dimen166
\AM@pageheight=\dimen167

(/home/alb/texlive/texmf-dist/tex/latex/pdfpages/pppdftex.def
File: pppdftex.def 2020/01/28 v0.5q Pdfpages driver for pdfTeX (AM)
)
\AM@pagebox=\box50
\AM@global@opts=\toks33
\AM@pagecnt=\count273
\AM@toc@title=\toks34
\c@AM@survey=\count274
\AM@templatesizebox=\box51
)
(/home/alb/texlive/texmf-dist/tex/latex/l3backend/l3backend-pdfmode.def
File: l3backend-pdfmode.def 2020-06-29 L3 backend support: PDF mode
\l__kernel_color_stack_int=\count275
\l__pdf_internal_box=\box52
)
(./main.aux)
\openout1 = `main.aux'.

LaTeX Font Info:    Checking defaults for OML/cmm/m/it on input line 54.
LaTeX Font Info:    ... okay on input line 54.
LaTeX Font Info:    Checking defaults for OMS/cmsy/m/n on input line 54.
LaTeX Font Info:    ... okay on input line 54.
LaTeX Font Info:    Checking defaults for OT1/cmr/m/n on input line 54.
LaTeX Font Info:    ... okay on input line 54.
LaTeX Font Info:    Checking defaults for T1/cmr/m/n on input line 54.
LaTeX Font Info:    ... okay on input line 54.
LaTeX Font Info:    Checking defaults for TS1/cmr/m/n on input line 54.
LaTeX Font Info:    ... okay on input line 54.
LaTeX Font Info:    Checking defaults for OMX/cmex/m/n on input line 54.
LaTeX Font Info:    ... okay on input line 54.
LaTeX Font Info:    Checking defaults for U/cmr/m/n on input line 54.
LaTeX Font Info:    ... okay on input line 54.
Package caption Info: Begin \AtBeginDocument code.
Package caption Info: End \AtBeginDocument code.
 (/home/alb/texlive/texmf-dist/tex/context/base/mkii/supp-pdf.mkii
[Loading MPS to PDF converter (version 2006.09.02).]
\scratchcounter=\count276
\scratchdimen=\dimen168
\scratchbox=\box53
\nofMPsegments=\count277
\nofMParguments=\count278
\everyMPshowfont=\toks35
\MPscratchCnt=\count279
\MPscratchDim=\dimen169
\MPnumerator=\count280
\makeMPintoPDFobject=\count281
\everyMPtoPDFconversion=\toks36
) (/home/alb/texlive/texmf-dist/tex/latex/epstopdf-pkg/epstopdf-base.sty
Package: epstopdf-base 2020-01-24 v2.11 Base part for package epstopdf
Package epstopdf-base Info: Redefining graphics rule for `.eps' on input line 4
85.

(/home/alb/texlive/texmf-dist/tex/latex/latexconfig/epstopdf-sys.cfg
File: epstopdf-sys.cfg 2010/07/13 v1.3 Configuration of (r)epstopdf for TeX Liv
e
))
*geometry* driver: auto-detecting
*geometry* detected driver: pdftex
*geometry* verbose mode - [ preamble ] result:
* driver: pdftex
* paper: a4paper
* layout: <same size as paper>
* layoutoffset:(h,v)=(0.0pt,0.0pt)
* bindingoffset: 17.07164pt
* modes: twoside 
* h-part:(L,W,R)=(61.45795pt, 426.79134pt, 92.18695pt)
* v-part:(T,H,B)=(71.13188pt, 702.78308pt, 71.13188pt)
* \paperwidth=597.50787pt
* \paperheight=845.04684pt
* \textwidth=426.79134pt
* \textheight=702.78308pt
* \oddsidemargin=6.2596pt
* \evensidemargin=19.91696pt
* \topmargin=-38.1381pt
* \headheight=12.0pt
* \headsep=25.0pt
* \topskip=12.0pt
* \footskip=30.0pt
* \marginparwidth=85.0pt
* \marginparsep=10.0pt
* \columnsep=10.0pt
* \skip\footins=10.8pt plus 4.0pt minus 2.0pt
* \hoffset=0.0pt
* \voffset=0.0pt
* \mag=1000
* \@twocolumnfalse
* \@twosidetrue
* \@mparswitchtrue
* \@reversemarginfalse
* (1in=72.27pt=25.4mm, 1cm=28.453pt)

\AtBeginShipoutBox=\box54
(/home/alb/texlive/texmf-dist/tex/latex/pdflscape/pdflscape.sty
Package: pdflscape 2019/12/05 v0.12 Display of landscape pages in PDF (HO)

(/home/alb/texlive/texmf-dist/tex/latex/graphics/lscape.sty
Package: lscape 2000/10/22 v3.01 Landscape Pages (DPC)
)
Package pdflscape Info: Auto-detected driver: pdftex on input line 81.
)

pdfTeX warning: /home/alb/texlive/bin/x86_64-linux/pdflatex (file ./bachelor-pr
oject-front-page-thesis.pdf): PDF inclusion: found PDF version <1.6>, but at mo
st version <1.5> allowed
<bachelor-project-front-page-thesis.pdf, id=1, 597.53635pt x 845.04686pt>
File: bachelor-project-front-page-thesis.pdf Graphic file (type pdf)
<use bachelor-project-front-page-thesis.pdf>
Package pdftex.def Info: bachelor-project-front-page-thesis.pdf  used on input 
line 56.
(pdftex.def)             Requested size: 597.53488pt x 845.0448pt.


pdfTeX warning: /home/alb/texlive/bin/x86_64-linux/pdflatex (file ./bachelor-pr
oject-front-page-thesis.pdf): PDF inclusion: found PDF version <1.6>, but at mo
st version <1.5> allowed
File: bachelor-project-front-page-thesis.pdf Graphic file (type pdf)
<use bachelor-project-front-page-thesis.pdf>
Package pdftex.def Info: bachelor-project-front-page-thesis.pdf  used on input 
line 56.
(pdftex.def)             Requested size: 597.53488pt x 845.0448pt.


pdfTeX warning: /home/alb/texlive/bin/x86_64-linux/pdflatex (file ./bachelor-pr
oject-front-page-thesis.pdf): PDF inclusion: found PDF version <1.6>, but at mo
st version <1.5> allowed


pdfTeX warning: /home/alb/texlive/bin/x86_64-linux/pdflatex (file ./bachelor-pr
oject-front-page-thesis.pdf): PDF inclusion: found PDF version <1.6>, but at mo
st version <1.5> allowed
<bachelor-project-front-page-thesis.pdf, id=4, page=1, 597.53635pt x 845.04686p
t>
File: bachelor-project-front-page-thesis.pdf Graphic file (type pdf)
<use bachelor-project-front-page-thesis.pdf, page 1>
Package pdftex.def Info: bachelor-project-front-page-thesis.pdf , page1 used on
 input line 56.
(pdftex.def)             Requested size: 597.53488pt x 845.0448pt.
File: bachelor-project-front-page-thesis.pdf Graphic file (type pdf)
<use bachelor-project-front-page-thesis.pdf, page 1>
Package pdftex.def Info: bachelor-project-front-page-thesis.pdf , page1 used on
 input line 56.
(pdftex.def)             Requested size: 597.56223pt x 845.08348pt.
File: bachelor-project-front-page-thesis.pdf Graphic file (type pdf)
<use bachelor-project-front-page-thesis.pdf, page 1>
Package pdftex.def Info: bachelor-project-front-page-thesis.pdf , page1 used on
 input line 56.
(pdftex.def)             Requested size: 597.56223pt x 845.08348pt.
File: bachelor-project-front-page-thesis.pdf Graphic file (type pdf)
<use bachelor-project-front-page-thesis.pdf, page 1>
Package pdftex.def Info: bachelor-project-front-page-thesis.pdf , page1 used on
 input line 56.
(pdftex.def)             Requested size: 597.56223pt x 845.08348pt.
File: bachelor-project-front-page-thesis.pdf Graphic file (type pdf)
<use bachelor-project-front-page-thesis.pdf, page 1>
Package pdftex.def Info: bachelor-project-front-page-thesis.pdf , page1 used on
 input line 56.
(pdftex.def)             Requested size: 597.56223pt x 845.08348pt.
[1

 <./bachelor-project-front-page-thesis.pdf>] [2] (./main.toc
LaTeX Font Info:    Trying to load font information for U+msa on input line 4.

(/home/alb/texlive/texmf-dist/tex/latex/amsfonts/umsa.fd
File: umsa.fd 2013/01/14 v3.01 AMS symbols A
)
LaTeX Font Info:    Trying to load font information for U+msb on input line 4.

(/home/alb/texlive/texmf-dist/tex/latex/amsfonts/umsb.fd
File: umsb.fd 2013/01/14 v3.01 AMS symbols B
))
\tf@toc=\write3
\openout3 = `main.toc'.



Package Fancyhdr Warning: \headheight is too small (12.0pt): 
Make it at least 14.49998pt.
We now make it that large for the rest of the document.
This may cause the page layout to be inconsistent, however.

[3{/home/alb/texlive/texmf-var/fonts/map/pdftex/updmap/pdftex.map}]
(./introduction.tex) [4] (./tangles.tex
<./images/tangle_diagram.png, id=29, 1003.75pt x 1003.75pt>
File: ./images/tangle_diagram.png Graphic file (type png)
<use ./images/tangle_diagram.png>
Package pdftex.def Info: ./images/tangle_diagram.png  used on input line 20.
(pdftex.def)             Requested size: 170.71393pt x 170.71182pt.
<./images/R1move.png, id=30, 1003.75pt x 1003.75pt>
File: ./images/R1move.png Graphic file (type png)
<use ./images/R1move.png>
Package pdftex.def Info: ./images/R1move.png  used on input line 36.
(pdftex.def)             Requested size: 132.30426pt x 132.29936pt.
<./images/R2move.png, id=31, 1003.75pt x 1003.75pt>
File: ./images/R2move.png Graphic file (type png)
<use ./images/R2move.png>
Package pdftex.def Info: ./images/R2move.png  used on input line 43.
(pdftex.def)             Requested size: 132.30426pt x 132.29936pt.
<./images/R3move.png, id=32, 1003.75pt x 1003.75pt>
File: ./images/R3move.png Graphic file (type png)
<use ./images/R3move.png>
Package pdftex.def Info: ./images/R3move.png  used on input line 50.
(pdftex.def)             Requested size: 132.30426pt x 132.29936pt.
 [5 <./images/tangle_diagram.png (PNG copy)>] [6 <./images/R1move.png (PNG copy
)> <./images/R2move.png (PNG copy)> <./images/R3move.png (PNG copy)>]
<./images/crossing+1.png, id=47, 1003.75pt x 1003.75pt>
File: ./images/crossing+1.png Graphic file (type png)
<use ./images/crossing+1.png>
Package pdftex.def Info: ./images/crossing+1.png  used on input line 87.
(pdftex.def)             Requested size: 85.35696pt x 85.35591pt.
<./images/crossing-1.png, id=49, 1003.75pt x 1003.75pt>
File: ./images/crossing-1.png Graphic file (type png)
<use ./images/crossing-1.png>
Package pdftex.def Info: ./images/crossing-1.png  used on input line 94.
(pdftex.def)             Requested size: 85.35696pt x 85.35591pt.
<./images/loop.png, id=50, 1003.75pt x 1003.75pt>
File: ./images/loop.png Graphic file (type png)
<use ./images/loop.png>
Package pdftex.def Info: ./images/loop.png  used on input line 108.
(pdftex.def)             Requested size: 132.30426pt x 132.29936pt.
<./images/exampletangle.png, id=51, 1003.75pt x 1003.75pt>
File: ./images/exampletangle.png Graphic file (type png)
<use ./images/exampletangle.png>
Package pdftex.def Info: ./images/exampletangle.png  used on input line 115.
(pdftex.def)             Requested size: 132.30426pt x 132.29936pt.

Underfull \hbox (badness 10000) in paragraph at lines 116--116
[]\OT1/cmr/m/n/10.95 (b) |$\OML/cmm/m/it/10.95 O[]O[]U[]U[]; O[]U[]$
 []

<./images/trefexample.png, id=52, 1003.75pt x 1003.75pt>
File: ./images/trefexample.png Graphic file (type png)
<use ./images/trefexample.png>
Package pdftex.def Info: ./images/trefexample.png  used on input line 122.
(pdftex.def)             Requested size: 132.30426pt x 132.29936pt.
) (./outanglediagrams.tex [7 <./images/crossing+1.png> <./images/crossing-1.png
> <./images/loop.png (PNG copy)> <./images/exampletangle.png (PNG copy)> <./ima
ges/trefexample.png (PNG copy)>]
<./images/G=R2+R3.png, id=60, 3329.43875pt x 799.98875pt>
File: ./images/G=R2+R3.png Graphic file (type png)
<use ./images/G=R2+R3.png>
Package pdftex.def Info: ./images/G=R2+R3.png  used on input line 11.
(pdftex.def)             Requested size: 426.79134pt x 102.53737pt.
<./images/glide1.png, id=61, 1003.75pt x 1003.75pt>
File: ./images/glide1.png Graphic file (type png)
<use ./images/glide1.png>
Package pdftex.def Info: ./images/glide1.png  used on input line 28.
(pdftex.def)             Requested size: 170.71393pt x 170.71182pt.
<./images/glide2.png, id=62, 1003.75pt x 1003.75pt>
File: ./images/glide2.png Graphic file (type png)
<use ./images/glide2.png>
Package pdftex.def Info: ./images/glide2.png  used on input line 35.
(pdftex.def)             Requested size: 170.71393pt x 170.71182pt.
 [8 <./images/G=R2+R3.png (PNG copy)>] [9 <./images/glide1.png (PNG copy)> <./i
mages/glide2.png (PNG copy)>]
<./images/path1.png, id=69, 1003.75pt x 1003.75pt>
File: ./images/path1.png Graphic file (type png)
<use ./images/path1.png>
Package pdftex.def Info: ./images/path1.png  used on input line 90.
(pdftex.def)             Requested size: 146.39043pt x 146.39006pt.
<./images/path2.png, id=70, 1003.75pt x 1003.75pt>
File: ./images/path2.png Graphic file (type png)
<use ./images/path2.png>
Package pdftex.def Info: ./images/path2.png  used on input line 95.
(pdftex.def)             Requested size: 146.39043pt x 146.39006pt.
 [10])
(./drawing.tex
<./images/scanning_0.png, id=75, 424.2249pt x 221.8689pt>
File: ./images/scanning_0.png Graphic file (type png)
<use ./images/scanning_0.png>
Package pdftex.def Info: ./images/scanning_0.png  used on input line 11.
(pdftex.def)             Requested size: 170.71393pt x 89.28088pt.
 [11 <./images/path1.png (PNG copy)> <./images/path2.png (PNG copy)> <./images/
scanning_0.png>]
<./images/scanning_2.png, id=80, 331.7193pt x 279.6849pt>
File: ./images/scanning_2.png Graphic file (type png)
<use ./images/scanning_2.png>
Package pdftex.def Info: ./images/scanning_2.png  used on input line 25.
(pdftex.def)             Requested size: 128.0387pt x 107.95854pt.
<./images/scanning_1.png, id=81, 366.4089pt x 279.6849pt>
File: ./images/scanning_1.png Graphic file (type png)
<use ./images/scanning_1.png>
Package pdftex.def Info: ./images/scanning_1.png  used on input line 32.
(pdftex.def)             Requested size: 128.0387pt x 97.73328pt.
<./images/scanning_3.png, id=82, 192.9609pt x 279.6849pt>
File: ./images/scanning_3.png Graphic file (type png)
<use ./images/scanning_3.png>
Package pdftex.def Info: ./images/scanning_3.png  used on input line 39.
(pdftex.def)             Requested size: 85.35858pt x 123.72322pt.
) (./incidence.tex [12 <./images/scanning_2.png> <./images/scanning_1.png> <./i
mages/scanning_3.png>]
<./images/incidence.png, id=89, 1003.75pt x 1003.75pt>
File: ./images/incidence.png Graphic file (type png)
<use ./images/incidence.png>
Package pdftex.def Info: ./images/incidence.png  used on input line 21.
(pdftex.def)             Requested size: 170.71393pt x 170.71182pt.
 [13 <./images/incidence.png (PNG copy)>]
<./images/3_1_ed_0.png, id=95, 123.5817pt x 279.6849pt>
File: ./images/3_1_ed_0.png Graphic file (type png)
<use ./images/3_1_ed_0.png>
Package pdftex.def Info: ./images/3_1_ed_0.png  used on input line 40.
(pdftex.def)             Requested size: 61.45802pt x 139.091pt.
<./images/3_1_R1at0_50.png, id=96, 602.25pt x 602.25pt>
File: ./images/3_1_R1at0_50.png Graphic file (type png)
<use ./images/3_1_R1at0_50.png>
Package pdftex.def Info: ./images/3_1_R1at0_50.png  used on input line 45.
(pdftex.def)             Requested size: 163.88702pt x 163.88702pt.
<./images/3_1_ed_2.png, id=97, 123.5817pt x 279.6849pt>
File: ./images/3_1_ed_2.png Graphic file (type png)
<use ./images/3_1_ed_2.png>
Package pdftex.def Info: ./images/3_1_ed_2.png  used on input line 50.
(pdftex.def)             Requested size: 61.45802pt x 139.091pt.
<./images/3_1_R1at2_50.png, id=98, 602.25pt x 602.25pt>
File: ./images/3_1_R1at2_50.png Graphic file (type png)
<use ./images/3_1_R1at2_50.png>
Package pdftex.def Info: ./images/3_1_R1at2_50.png  used on input line 55.
(pdftex.def)             Requested size: 163.88702pt x 163.88702pt.
<./images/3_1_ed_4.png, id=99, 149.5989pt x 279.6849pt>
File: ./images/3_1_ed_4.png Graphic file (type png)
<use ./images/3_1_ed_4.png>
Package pdftex.def Info: ./images/3_1_ed_4.png  used on input line 60.
(pdftex.def)             Requested size: 61.45802pt x 114.89774pt.
<./images/3_1_R1at4_50.png, id=100, 602.25pt x 602.25pt>
File: ./images/3_1_R1at4_50.png Graphic file (type png)
<use ./images/3_1_R1at4_50.png>
Package pdftex.def Info: ./images/3_1_R1at4_50.png  used on input line 65.
(pdftex.def)             Requested size: 163.88702pt x 163.88702pt.
<./images/my_trefoil.png, id=101, 93.2283pt x 279.6849pt>
File: ./images/my_trefoil.png Graphic file (type png)
<use ./images/my_trefoil.png>
Package pdftex.def Info: ./images/my_trefoil.png  used on input line 75.
(pdftex.def)             Requested size: 58.56769pt x 175.69577pt.
<./images/3_1_0.png, id=102, 602.25pt x 602.25pt>
File: ./images/3_1_0.png Graphic file (type png)
<use ./images/3_1_0.png>
Package pdftex.def Info: ./images/3_1_0.png  used on input line 76.
(pdftex.def)             Requested size: 105.4137pt x 105.41316pt.

Overfull \hbox (2.98145pt too wide) in paragraph at lines 76--76
 [][] 
 []

<./images/3_1_5.png, id=103, 602.25pt x 602.25pt>
File: ./images/3_1_5.png Graphic file (type png)
<use ./images/3_1_5.png>
Package pdftex.def Info: ./images/3_1_5.png  used on input line 77.
(pdftex.def)             Requested size: 105.4137pt x 105.41316pt.

Overfull \hbox (2.98145pt too wide) in paragraph at lines 77--77
 [][] 
 []

<./images/3_1_10.png, id=104, 602.25pt x 602.25pt>
File: ./images/3_1_10.png Graphic file (type png)
<use ./images/3_1_10.png>
Package pdftex.def Info: ./images/3_1_10.png  used on input line 78.
(pdftex.def)             Requested size: 105.4137pt x 105.41316pt.

Overfull \hbox (2.98145pt too wide) in paragraph at lines 78--78
 [][] 
 []

<./images/3_1_50.png, id=105, 602.25pt x 602.25pt>
File: ./images/3_1_50.png Graphic file (type png)
<use ./images/3_1_50.png>
Package pdftex.def Info: ./images/3_1_50.png  used on input line 79.
(pdftex.def)             Requested size: 105.4137pt x 105.41316pt.

Overfull \hbox (2.98145pt too wide) in paragraph at lines 79--80
 [][] 
 []

<./images/my_4_1.png, id=106, 149.5989pt x 279.6849pt>
File: ./images/my_4_1.png Graphic file (type png)
<use ./images/my_4_1.png>
Package pdftex.def Info: ./images/my_4_1.png  used on input line 85.
(pdftex.def)             Requested size: 93.98071pt x 175.69577pt.
<./images/4_1_0.png, id=107, 602.25pt x 602.25pt>
File: ./images/4_1_0.png Graphic file (type png)
<use ./images/4_1_0.png>
Package pdftex.def Info: ./images/4_1_0.png  used on input line 86.
(pdftex.def)             Requested size: 105.4137pt x 105.41316pt.

Overfull \hbox (2.98145pt too wide) in paragraph at lines 86--86
 [][] 
 []

<./images/4_1_5.png, id=108, 602.25pt x 602.25pt>
File: ./images/4_1_5.png Graphic file (type png)
<use ./images/4_1_5.png>
Package pdftex.def Info: ./images/4_1_5.png  used on input line 87.
(pdftex.def)             Requested size: 105.4137pt x 105.41316pt.

Overfull \hbox (2.98145pt too wide) in paragraph at lines 87--87
 [][] 
 []

<./images/4_1_10.png, id=109, 602.25pt x 602.25pt>
File: ./images/4_1_10.png Graphic file (type png)
<use ./images/4_1_10.png>
Package pdftex.def Info: ./images/4_1_10.png  used on input line 88.
(pdftex.def)             Requested size: 105.4137pt x 105.41316pt.

Overfull \hbox (2.98145pt too wide) in paragraph at lines 88--88
 [][] 
 []

<./images/4_1_50.png, id=110, 602.25pt x 602.25pt>
File: ./images/4_1_50.png Graphic file (type png)
<use ./images/4_1_50.png>
Package pdftex.def Info: ./images/4_1_50.png  used on input line 89.
(pdftex.def)             Requested size: 105.4137pt x 105.41316pt.

Overfull \hbox (2.98145pt too wide) in paragraph at lines 89--89
 [][] 
 []

<./images/my_9_10.png, id=111, 143.8173pt x 279.6849pt>
File: ./images/my_9_10.png Graphic file (type png)
<use ./images/my_9_10.png>
Package pdftex.def Info: ./images/my_9_10.png  used on input line 95.
(pdftex.def)             Requested size: 90.34862pt x 175.69577pt.
<./images/9_10_0.png, id=112, 602.25pt x 602.25pt>
File: ./images/9_10_0.png Graphic file (type png)
<use ./images/9_10_0.png>
Package pdftex.def Info: ./images/9_10_0.png  used on input line 96.
(pdftex.def)             Requested size: 105.4137pt x 105.41316pt.

Overfull \hbox (2.98145pt too wide) in paragraph at lines 96--96
 [][] 
 []

<./images/9_10_5.png, id=113, 602.25pt x 602.25pt>
File: ./images/9_10_5.png Graphic file (type png)
<use ./images/9_10_5.png>
Package pdftex.def Info: ./images/9_10_5.png  used on input line 97.
(pdftex.def)             Requested size: 105.4137pt x 105.41316pt.

Overfull \hbox (2.98145pt too wide) in paragraph at lines 97--97
 [][] 
 []

<./images/9_10_10.png, id=114, 602.25pt x 602.25pt>
File: ./images/9_10_10.png Graphic file (type png)
<use ./images/9_10_10.png>
Package pdftex.def Info: ./images/9_10_10.png  used on input line 98.
(pdftex.def)             Requested size: 105.4137pt x 105.41316pt.

Overfull \hbox (2.98145pt too wide) in paragraph at lines 98--98
 [][] 
 []

<./images/9_10_50.png, id=115, 602.25pt x 602.25pt>
File: ./images/9_10_50.png Graphic file (type png)
<use ./images/9_10_50.png>
Package pdftex.def Info: ./images/9_10_50.png  used on input line 99.
(pdftex.def)             Requested size: 105.4137pt x 105.41316pt.

Overfull \hbox (2.98145pt too wide) in paragraph at lines 99--99
 [][] 
 []

<./images/my_10_50.png, id=116, 143.8173pt x 279.6849pt>
File: ./images/my_10_50.png Graphic file (type png)
<use ./images/my_10_50.png>
Package pdftex.def Info: ./images/my_10_50.png  used on input line 105.
(pdftex.def)             Requested size: 90.34862pt x 175.69577pt.
<./images/10_50_0.png, id=117, 602.25pt x 602.25pt>
File: ./images/10_50_0.png Graphic file (type png)
<use ./images/10_50_0.png>
Package pdftex.def Info: ./images/10_50_0.png  used on input line 106.
(pdftex.def)             Requested size: 105.4137pt x 105.41316pt.

Overfull \hbox (2.98145pt too wide) in paragraph at lines 106--106
 [][] 
 []

<./images/10_50_5.png, id=118, 602.25pt x 602.25pt>
File: ./images/10_50_5.png Graphic file (type png)
<use ./images/10_50_5.png>
Package pdftex.def Info: ./images/10_50_5.png  used on input line 107.
(pdftex.def)             Requested size: 105.4137pt x 105.41316pt.

Overfull \hbox (2.98145pt too wide) in paragraph at lines 107--107
 [][] 
 []

<./images/10_50_10.png, id=119, 602.25pt x 602.25pt>
File: ./images/10_50_10.png Graphic file (type png)
<use ./images/10_50_10.png>
Package pdftex.def Info: ./images/10_50_10.png  used on input line 108.
(pdftex.def)             Requested size: 105.4137pt x 105.41316pt.

Overfull \hbox (2.98145pt too wide) in paragraph at lines 108--108
 [][] 
 []

<./images/10_50_50.png, id=120, 602.25pt x 602.25pt>
File: ./images/10_50_50.png Graphic file (type png)
<use ./images/10_50_50.png>
Package pdftex.def Info: ./images/10_50_50.png  used on input line 109.
(pdftex.def)             Requested size: 105.4137pt x 105.41316pt.

Overfull \hbox (2.98145pt too wide) in paragraph at lines 109--109
 [][] 
 []

)
Underfull \vbox (badness 10000) has occurred while \output is active []

 [14 <./images/3_1_ed_0.png> <./images/3_1_R1at0_50.png (PNG copy)> <./images/3
_1_ed_2.png> <./images/3_1_R1at2_50.png (PNG copy)> <./images/3_1_ed_4.png> <./
images/3_1_R1at4_50.png (PNG copy)>] [15 <./images/my_trefoil.png> <./images/3_
1_0.png (PNG copy)> <./images/3_1_5.png (PNG copy)> <./images/3_1_10.png (PNG c
opy)> <./images/3_1_50.png (PNG copy)> <./images/my_4_1.png> <./images/4_1_0.pn
g (PNG copy)> <./images/4_1_5.png (PNG copy)> <./images/4_1_10.png (PNG copy)> 
<./images/4_1_50.png (PNG copy)> <./images/my_9_10.png> <./images/9_10_0.png (P
NG copy)> <./images/9_10_5.png (PNG copy)> <./images/9_10_10.png (PNG copy)> <.
/images/9_10_50.png (PNG copy)> <./images/my_10_50.png> <./images/10_50_0.png (
PNG copy)> <./images/10_50_5.png (PNG copy)> <./images/10_50_10.png (PNG copy)>
 <./images/10_50_50.png (PNG copy)>] (./further_work.tex) [16] (./main.bbl
Underfull \hbox (badness 10000) in paragraph at lines 11--15
\OT1/cmtt/m/n/12 https : / / github . com / albbalbbbalb / Observations-[]on-[]
Almost-[]OU-[]tangles /
 []

)
<Observations.pdf, id=138, 597.23125pt x 845.1575pt>
File: Observations.pdf Graphic file (type pdf)
<use Observations.pdf>
Package pdftex.def Info: Observations.pdf  used on input line 66.
(pdftex.def)             Requested size: 597.22978pt x 845.15544pt.
File: Observations.pdf Graphic file (type pdf)
<use Observations.pdf>
Package pdftex.def Info: Observations.pdf  used on input line 66.
(pdftex.def)             Requested size: 597.22978pt x 845.15544pt.
<Observations.pdf, id=141, page=1, 597.23125pt x 845.1575pt>
File: Observations.pdf Graphic file (type pdf)
<use Observations.pdf, page 1>
Package pdftex.def Info: Observations.pdf , page1 used on input line 66.
(pdftex.def)             Requested size: 597.22978pt x 845.15544pt.
File: Observations.pdf Graphic file (type pdf)
<use Observations.pdf, page 1>
Package pdftex.def Info: Observations.pdf , page1 used on input line 66.
(pdftex.def)             Requested size: 597.25711pt x 845.19412pt.
 [17]
File: Observations.pdf Graphic file (type pdf)
<use Observations.pdf, page 1>
Package pdftex.def Info: Observations.pdf , page1 used on input line 66.
(pdftex.def)             Requested size: 597.25711pt x 845.19412pt.
File: Observations.pdf Graphic file (type pdf)
<use Observations.pdf, page 1>
Package pdftex.def Info: Observations.pdf , page1 used on input line 66.
(pdftex.def)             Requested size: 597.25711pt x 845.19412pt.
File: Observations.pdf Graphic file (type pdf)
<use Observations.pdf, page 1>
Package pdftex.def Info: Observations.pdf , page1 used on input line 66.
(pdftex.def)             Requested size: 597.25711pt x 845.19412pt.
 [18 <./Observations.pdf>]
<Observations.pdf, id=186, page=2, 597.23125pt x 845.1575pt>
File: Observations.pdf Graphic file (type pdf)
<use Observations.pdf, page 2>
Package pdftex.def Info: Observations.pdf , page2 used on input line 66.
(pdftex.def)             Requested size: 597.25711pt x 845.19412pt.
File: Observations.pdf Graphic file (type pdf)
<use Observations.pdf, page 2>
Package pdftex.def Info: Observations.pdf , page2 used on input line 66.
(pdftex.def)             Requested size: 597.25711pt x 845.19412pt.
File: Observations.pdf Graphic file (type pdf)
<use Observations.pdf, page 2>
Package pdftex.def Info: Observations.pdf , page2 used on input line 66.
(pdftex.def)             Requested size: 597.25711pt x 845.19412pt.
 [19 <./Observations.pdf>]
<Observations.pdf, id=207, page=3, 597.23125pt x 845.1575pt>
File: Observations.pdf Graphic file (type pdf)
<use Observations.pdf, page 3>
Package pdftex.def Info: Observations.pdf , page3 used on input line 66.
(pdftex.def)             Requested size: 597.25711pt x 845.19412pt.
File: Observations.pdf Graphic file (type pdf)
<use Observations.pdf, page 3>
Package pdftex.def Info: Observations.pdf , page3 used on input line 66.
(pdftex.def)             Requested size: 597.25711pt x 845.19412pt.
File: Observations.pdf Graphic file (type pdf)
<use Observations.pdf, page 3>
Package pdftex.def Info: Observations.pdf , page3 used on input line 66.
(pdftex.def)             Requested size: 597.25711pt x 845.19412pt.
 [20 <./Observations.pdf>]
<Observations.pdf, id=219, page=4, 597.23125pt x 845.1575pt>
File: Observations.pdf Graphic file (type pdf)
<use Observations.pdf, page 4>
Package pdftex.def Info: Observations.pdf , page4 used on input line 66.
(pdftex.def)             Requested size: 597.25711pt x 845.19412pt.
File: Observations.pdf Graphic file (type pdf)
<use Observations.pdf, page 4>
Package pdftex.def Info: Observations.pdf , page4 used on input line 66.
(pdftex.def)             Requested size: 597.25711pt x 845.19412pt.
File: Observations.pdf Graphic file (type pdf)
<use Observations.pdf, page 4>
Package pdftex.def Info: Observations.pdf , page4 used on input line 66.
(pdftex.def)             Requested size: 597.25711pt x 845.19412pt.
 [21 <./Observations.pdf>]
<Observations.pdf, id=231, page=5, 597.23125pt x 845.1575pt>
File: Observations.pdf Graphic file (type pdf)
<use Observations.pdf, page 5>
Package pdftex.def Info: Observations.pdf , page5 used on input line 66.
(pdftex.def)             Requested size: 597.25711pt x 845.19412pt.
File: Observations.pdf Graphic file (type pdf)
<use Observations.pdf, page 5>
Package pdftex.def Info: Observations.pdf , page5 used on input line 66.
(pdftex.def)             Requested size: 597.25711pt x 845.19412pt.
File: Observations.pdf Graphic file (type pdf)
<use Observations.pdf, page 5>
Package pdftex.def Info: Observations.pdf , page5 used on input line 66.
(pdftex.def)             Requested size: 597.25711pt x 845.19412pt.
 [22 <./Observations.pdf>]
<Observations.pdf, id=265, page=6, 597.23125pt x 845.1575pt>
File: Observations.pdf Graphic file (type pdf)
<use Observations.pdf, page 6>
Package pdftex.def Info: Observations.pdf , page6 used on input line 66.
(pdftex.def)             Requested size: 597.25711pt x 845.19412pt.
File: Observations.pdf Graphic file (type pdf)
<use Observations.pdf, page 6>
Package pdftex.def Info: Observations.pdf , page6 used on input line 66.
(pdftex.def)             Requested size: 597.25711pt x 845.19412pt.
File: Observations.pdf Graphic file (type pdf)
<use Observations.pdf, page 6>
Package pdftex.def Info: Observations.pdf , page6 used on input line 66.
(pdftex.def)             Requested size: 597.25711pt x 845.19412pt.
 [23 <./Observations.pdf>] (./main.aux) ) 
Here is how much of TeX's memory you used:
 9350 strings out of 480471
 151653 string characters out of 5902329
 405776 words of memory out of 5000000
 25194 multiletter control sequences out of 15000+600000
 541203 words of font info for 57 fonts, out of 8000000 for 9000
 1141 hyphenation exceptions out of 8191
 40i,18n,46p,915b,623s stack positions out of 5000i,500n,10000p,200000b,80000s
{/home/alb/texlive/texmf-dist/fonts/en
c/dvips/cm-super/cm-super-ts1.enc}</home/alb/texlive/texmf-dist/fonts/type1/pub
lic/amsfonts/cm/cmbx12.pfb></home/alb/texlive/texmf-dist/fonts/type1/public/ams
fonts/cm/cmcsc10.pfb></home/alb/texlive/texmf-dist/fonts/type1/public/amsfonts/
cm/cmmi10.pfb></home/alb/texlive/texmf-dist/fonts/type1/public/amsfonts/cm/cmmi
12.pfb></home/alb/texlive/texmf-dist/fonts/type1/public/amsfonts/cm/cmmi8.pfb><
/home/alb/texlive/texmf-dist/fonts/type1/public/amsfonts/cm/cmr10.pfb></home/al
b/texlive/texmf-dist/fonts/type1/public/amsfonts/cm/cmr12.pfb></home/alb/texliv
e/texmf-dist/fonts/type1/public/amsfonts/cm/cmr8.pfb></home/alb/texlive/texmf-d
ist/fonts/type1/public/amsfonts/cm/cmsy10.pfb></home/alb/texlive/texmf-dist/fon
ts/type1/public/amsfonts/cm/cmsy8.pfb></home/alb/texlive/texmf-dist/fonts/type1
/public/amsfonts/cm/cmti12.pfb></home/alb/texlive/texmf-dist/fonts/type1/public
/amsfonts/cm/cmtt12.pfb></home/alb/texlive/texmf-dist/fonts/type1/public/amsfon
ts/symbols/msam10.pfb></home/alb/texlive/texmf-dist/fonts/type1/public/amsfonts
/symbols/msbm10.pfb></home/alb/texlive/texmf-dist/fonts/type1/public/cm-super/s
frm1200.pfb>
Output written on main.pdf (23 pages, 1216305 bytes).
PDF statistics:
 337 PDF objects out of 1000 (max. 8388607)
 164 compressed objects within 2 object streams
 0 named destinations out of 1000 (max. 500000)
 291 words of extra memory for PDF output out of 10000 (max. 10000000)

